<?xml version="1.0" encoding="UTF-8"?>
<testng-results ignored="0" total="2" passed="1" failed="1" skipped="0">
  <reporter-output>
  </reporter-output>
  <suite started-at="2023-02-03T08:23:41 IST" name="Default suite" finished-at="2023-02-03T08:23:49 IST" duration-ms="7253">
    <groups>
    </groups>
    <test started-at="2023-02-03T08:23:41 IST" name="Default test" finished-at="2023-02-03T08:23:49 IST" duration-ms="7253">
      <class name="testngtest.SoftAssertttttt">
        <test-method is-config="true" signature="initBrowser()[pri:0, instance:testngtest.SoftAssertttttt@37d4349f]" started-at="2023-02-03T08:23:41 IST" name="initBrowser" finished-at="2023-02-03T08:23:48 IST" duration-ms="6522" status="PASS">
          <reporter-output>
          </reporter-output>
        </test-method> <!-- initBrowser -->
        <test-method signature="verifyUrlOfPage()[pri:0, instance:testngtest.SoftAssertttttt@37d4349f]" started-at="2023-02-03T08:23:48 IST" name="verifyUrlOfPage" finished-at="2023-02-03T08:23:48 IST" duration-ms="16" status="FAIL">
          <exception class="java.lang.AssertionError">
            <message>
              <![CDATA[The following asserts failed:
Verifying Url expected [http://dthahab.com/setting/Splash/Create] but found [http://dthahab.com/Account/Login?ReturnUrl=%2fsetting%2fSplash%2fCreate]]]>
            </message>
            <full-stacktrace>
              <![CDATA[java.lang.AssertionError: The following asserts failed:
Verifying Url expected [http://dthahab.com/setting/Splash/Create] but found [http://dthahab.com/Account/Login?ReturnUrl=%2fsetting%2fSplash%2fCreate]
at org.testng.asserts.SoftAssert.assertAll(SoftAssert.java:47)
at org.testng.asserts.SoftAssert.assertAll(SoftAssert.java:31)
at testngtest.SoftAssertttttt.verifyUrlOfPage(SoftAssertttttt.java:31)
at java.base/jdk.internal.reflect.NativeMethodAccessorImpl.invoke0(Native Method)
at java.base/jdk.internal.reflect.NativeMethodAccessorImpl.invoke(NativeMethodAccessorImpl.java:64)
at java.base/jdk.internal.reflect.DelegatingMethodAccessorImpl.invoke(DelegatingMethodAccessorImpl.java:43)
at java.base/java.lang.reflect.Method.invoke(Method.java:564)
at org.testng.internal.MethodInvocationHelper.invokeMethod(MethodInvocationHelper.java:133)
at org.testng.internal.TestInvoker.invokeMethod(TestInvoker.java:598)
at org.testng.internal.TestInvoker.invokeTestMethod(TestInvoker.java:173)
at org.testng.internal.MethodRunner.runInSequence(MethodRunner.java:46)
at org.testng.internal.TestInvoker$MethodInvocationAgent.invoke(TestInvoker.java:824)
at org.testng.internal.TestInvoker.invokeTestMethods(TestInvoker.java:146)
at org.testng.internal.TestMethodWorker.invokeTestMethods(TestMethodWorker.java:146)
at org.testng.internal.TestMethodWorker.run(TestMethodWorker.java:128)
at java.base/java.util.ArrayList.forEach(ArrayList.java:1511)
at org.testng.TestRunner.privateRun(TestRunner.java:794)
at org.testng.TestRunner.run(TestRunner.java:596)
at org.testng.SuiteRunner.runTest(SuiteRunner.java:377)
at org.testng.SuiteRunner.runSequentially(SuiteRunner.java:371)
at org.testng.SuiteRunner.privateRun(SuiteRunner.java:332)
at org.testng.SuiteRunner.run(SuiteRunner.java:276)
at org.testng.SuiteRunnerWorker.runSuite(SuiteRunnerWorker.java:53)
at org.testng.SuiteRunnerWorker.run(SuiteRunnerWorker.java:96)
at org.testng.TestNG.runSuitesSequentially(TestNG.java:1212)
at org.testng.TestNG.runSuitesLocally(TestNG.java:1134)
at org.testng.TestNG.runSuites(TestNG.java:1063)
at org.testng.TestNG.run(TestNG.java:1031)
at org.testng.remote.AbstractRemoteTestNG.run(AbstractRemoteTestNG.java:115)
at org.testng.remote.RemoteTestNG.initAndRun(RemoteTestNG.java:251)
at org.testng.remote.RemoteTestNG.main(RemoteTestNG.java:77)
]]>
            </full-stacktrace>
          </exception> <!-- java.lang.AssertionError -->
          <reporter-output>
          </reporter-output>
        </test-method> <!-- verifyUrlOfPage -->
        <test-method signature="verifyTitleOfPage()[pri:1, instance:testngtest.SoftAssertttttt@37d4349f]" started-at="2023-02-03T08:23:48 IST" name="verifyTitleOfPage" finished-at="2023-02-03T08:23:48 IST" duration-ms="8" status="PASS">
          <reporter-output>
          </reporter-output>
        </test-method> <!-- verifyTitleOfPage -->
        <test-method is-config="true" signature="teardDown()[pri:0, instance:testngtest.SoftAssertttttt@37d4349f]" started-at="2023-02-03T08:23:48 IST" name="teardDown" finished-at="2023-02-03T08:23:49 IST" duration-ms="673" status="PASS">
          <reporter-output>
          </reporter-output>
        </test-method> <!-- teardDown -->
      </class> <!-- testngtest.SoftAssertttttt -->
    </test> <!-- Default test -->
  </suite> <!-- Default suite -->
</testng-results>
